<?xml version="1.0" encoding="UTF-8"?>
<!-- Generated by org.testng.reporters.JUnitXMLReporter -->
<testsuite hostname="lenovo" ignored="0" name="WIN10IETEST" tests="3" failures="1" timestamp="2022-01-09T14:48:37 IST" time="66.299" errors="0">
  <testcase name="InputFormSubmit" time="24.524" classname="com.LambdaTest.com.LambdaTestAssignment.SeleniumPlayGround"/>
  <testcase name="DragandDrop" time="7.036" classname="com.LambdaTest.com.LambdaTestAssignment.SeleniumPlayGround">
    <failure type="java.lang.AssertionError" message="The slider range value is not 95 expected [95] but found [51]">
      <![CDATA[java.lang.AssertionError: The slider range value is not 95 expected [95] but found [51]
at com.LambdaTest.com.LambdaTestAssignment.SeleniumPlayGround.DragandDrop(SeleniumPlayGround.java:102)
at java.util.concurrent.ThreadPoolExecutor.runWorker(Unknown Source)
at java.util.concurrent.ThreadPoolExecutor$Worker.run(Unknown Source)
at java.lang.Thread.run(Unknown Source)
... Removed 17 stack frames]]>
    </failure>
  </testcase> <!-- DragandDrop -->
  <testcase name="simpleFormDemo" time="6.756" classname="com.LambdaTest.com.LambdaTestAssignment.SeleniumPlayGround"/>
</testsuite> <!-- WIN10IETEST -->
