<?xml version="1.0" encoding="UTF-8"?>
<!-- Generated by org.testng.reporters.JUnitXMLReporter -->
<testsuite hostname="lenovo" ignored="0" name="WIN7TEST" tests="3" failures="1" timestamp="2022-01-09T14:47:30 IST" time="76.496" errors="0">
  <testcase name="InputFormSubmit" time="20.824" classname="com.LambdaTest.com.LambdaTestAssignment.SeleniumPlayGround"/>
  <testcase name="simpleFormDemo" time="6.717" classname="com.LambdaTest.com.LambdaTestAssignment.SeleniumPlayGround"/>
  <testcase name="DragandDrop" time="5.634" classname="com.LambdaTest.com.LambdaTestAssignment.SeleniumPlayGround">
    <failure type="java.lang.AssertionError" message="The slider range value is not 95 expected [95] but found [96]">
      <![CDATA[java.lang.AssertionError: The slider range value is not 95 expected [95] but found [96]
at com.LambdaTest.com.LambdaTestAssignment.SeleniumPlayGround.DragandDrop(SeleniumPlayGround.java:102)
at java.util.concurrent.ThreadPoolExecutor.runWorker(Unknown Source)
at java.util.concurrent.ThreadPoolExecutor$Worker.run(Unknown Source)
at java.lang.Thread.run(Unknown Source)
... Removed 17 stack frames]]>
    </failure>
  </testcase> <!-- DragandDrop -->
</testsuite> <!-- WIN7TEST -->
