<!DOCTYPE html PUBLIC "-//W3C//DTD XHTML 1.1//EN" "https://www.w3.org/TR/xhtml11/DTD/xhtml11.dtd">
<html xmlns="https://www.w3.org/1999/xhtml">
<head>
<meta http-equiv="content-type" content="text/html; charset=UTF-8"/>
<title>TestNG Report</title>
<style type="text/css">table {margin-bottom:10px;border-collapse:collapse;empty-cells:show}th,td {border:1px solid #009;padding:.25em .5em}th {vertical-align:bottom}td {vertical-align:top}table a {font-weight:bold}.stripe td {background-color: #E6EBF9}.num {text-align:right}.passedodd td {background-color: #3F3}.passedeven td {background-color: #0A0}.skippedodd td {background-color: #DDD}.skippedeven td {background-color: #CCC}.failedodd td,.attn {background-color: #F33}.failedeven td,.stripe .attn {background-color: #D00}.stacktrace {white-space:pre;font-family:monospace}.totop {font-size:85%;text-align:center;border-bottom:2px solid #000}.invisible {display:none}</style>
</head>
<body>
<table>
<tr><th>Test</th><th># Passed</th><th># Skipped</th><th># Retried</th><th># Failed</th><th>Time (ms)</th><th>Included Groups</th><th>Excluded Groups</th></tr>
<tr><th colspan="8">LambaTestSuite</th></tr>
<tr><td><a href="#t0">WIN10CHROMETEST</a></td><td class="num">0</td><td class="num attn">1</td><td class="num">0</td><td class="num attn">2</td><td class="num">32,878</td><td></td><td></td></tr>
<tr class="stripe"><td><a href="#t1">MACTEST</a></td><td class="num">2</td><td class="num">0</td><td class="num">0</td><td class="num attn">1</td><td class="num">153,357</td><td></td><td></td></tr>
<tr><td><a href="#t2">WIN7TEST</a></td><td class="num">2</td><td class="num">0</td><td class="num">0</td><td class="num attn">1</td><td class="num">76,496</td><td></td><td></td></tr>
<tr class="stripe"><td><a href="#t3">WIN10IETEST</a></td><td class="num">2</td><td class="num">0</td><td class="num">0</td><td class="num attn">1</td><td class="num">66,299</td><td></td><td></td></tr>
<tr><th>Total</th><th class="num">6</th><th class="num attn">1</th><th class="num">0</th><th class="num attn">5</th><th class="num">329,030</th><th colspan="2"></th></tr>
</table>
<table id='summary'><thead><tr><th>Class</th><th>Method</th><th>Start</th><th>Time (ms)</th></tr></thead><tbody><tr><th colspan="4">LambaTestSuite</th></tr></tbody><tbody id="t0"><tr><th colspan="4">WIN10CHROMETEST &#8212; failed (configuration methods)</th></tr><tr class="failedeven"><td rowspan="1">com.LambdaTest.com.LambdaTestAssignment.SeleniumPlayGround</td><td><a href="#m0">tearDown</a></td><td rowspan="1">1641719610998</td><td rowspan="1">0</td></tr><tr><th colspan="4">WIN10CHROMETEST &#8212; failed</th></tr><tr class="failedeven"><td rowspan="2">com.LambdaTest.com.LambdaTestAssignment.SeleniumPlayGround</td><td><a href="#m1">InputFormSubmit</a></td><td rowspan="1">1641719605504</td><td rowspan="1">2688</td></tr><tr class="failedeven"><td><a href="#m2">simpleFormDemo</a></td><td rowspan="1">1641719605583</td><td rowspan="1">5399</td></tr><tr><th colspan="4">WIN10CHROMETEST &#8212; skipped (configuration methods)</th></tr><tr class="skippedeven"><td rowspan="1">com.LambdaTest.com.LambdaTestAssignment.SeleniumPlayGround</td><td><a href="#m3">tearDown</a></td><td rowspan="1">1641719620861</td><td rowspan="1">-1641719620861</td></tr><tr><th colspan="4">WIN10CHROMETEST &#8212; skipped</th></tr><tr class="skippedeven"><td rowspan="1">com.LambdaTest.com.LambdaTestAssignment.SeleniumPlayGround</td><td><a href="#m4">DragandDrop</a></td><td rowspan="1">1641719620861</td><td rowspan="1">0</td></tr></tbody>
<tbody id="t1"><tr><th colspan="4">MACTEST &#8212; failed (configuration methods)</th></tr><tr class="failedeven"><td rowspan="1">com.LambdaTest.com.LambdaTestAssignment.SeleniumPlayGround</td><td><a href="#m5">tearDown</a></td><td rowspan="1">1641719774262</td><td rowspan="1">33</td></tr><tr><th colspan="4">MACTEST &#8212; failed</th></tr><tr class="failedeven"><td rowspan="1">com.LambdaTest.com.LambdaTestAssignment.SeleniumPlayGround</td><td><a href="#m6">InputFormSubmit</a></td><td rowspan="1">1641719773927</td><td rowspan="1">328</td></tr><tr><th colspan="4">MACTEST &#8212; passed</th></tr><tr class="passedeven"><td rowspan="2">com.LambdaTest.com.LambdaTestAssignment.SeleniumPlayGround</td><td><a href="#m7">DragandDrop</a></td><td rowspan="1">1641719763166</td><td rowspan="1">7170</td></tr><tr class="passedeven"><td><a href="#m8">simpleFormDemo</a></td><td rowspan="1">1641719739158</td><td rowspan="1">7360</td></tr></tbody>
<tbody id="t2"><tr><th colspan="4">WIN7TEST &#8212; failed</th></tr><tr class="failedeven"><td rowspan="1">com.LambdaTest.com.LambdaTestAssignment.SeleniumPlayGround</td><td><a href="#m9">DragandDrop</a></td><td rowspan="1">1641719842995</td><td rowspan="1">5634</td></tr><tr><th colspan="4">WIN7TEST &#8212; passed</th></tr><tr class="passedeven"><td rowspan="2">com.LambdaTest.com.LambdaTestAssignment.SeleniumPlayGround</td><td><a href="#m10">InputFormSubmit</a></td><td rowspan="1">1641719782682</td><td rowspan="1">20824</td></tr><tr class="passedeven"><td><a href="#m11">simpleFormDemo</a></td><td rowspan="1">1641719822707</td><td rowspan="1">6717</td></tr></tbody>
<tbody id="t3"><tr><th colspan="4">WIN10IETEST &#8212; failed</th></tr><tr class="failedeven"><td rowspan="1">com.LambdaTest.com.LambdaTestAssignment.SeleniumPlayGround</td><td><a href="#m12">DragandDrop</a></td><td rowspan="1">1641719898226</td><td rowspan="1">7036</td></tr><tr><th colspan="4">WIN10IETEST &#8212; passed</th></tr><tr class="passedeven"><td rowspan="2">com.LambdaTest.com.LambdaTestAssignment.SeleniumPlayGround</td><td><a href="#m13">InputFormSubmit</a></td><td rowspan="1">1641719858997</td><td rowspan="1">24524</td></tr><tr class="passedeven"><td><a href="#m14">simpleFormDemo</a></td><td rowspan="1">1641719908792</td><td rowspan="1">6756</td></tr></tbody>
</table>
<h2>WIN10CHROMETEST</h2><h3 id="m0">com.LambdaTest.com.LambdaTestAssignment.SeleniumPlayGround#tearDown</h3><table class="result"><tr><th>Exception</th></tr><tr><td><div class="stacktrace">org.openqa.selenium.NoSuchSessionException: Session ID is null. Using WebDriver after calling quit()?
Build info: version: &apos;4.1.0&apos;, revision: &apos;87802e897b&apos;
System info: host: &apos;LENOVO&apos;, ip: &apos;192.168.225.134&apos;, os.name: &apos;Windows 8.1&apos;, os.arch: &apos;amd64&apos;, os.version: &apos;6.3&apos;, java.version: &apos;1.8.0_201&apos;
Driver info: org.openqa.selenium.remote.RemoteWebDriver
Command: [null, executeScript {script=lambda-status=false, args=[]}]
Capabilities {acceptInsecureCerts: false, browserName: chrome, browserVersion: 87.0.4280.66, chrome: {chromedriverVersion: 87.0.4280.20 (c99e81631faa0..., userDataDir: C:\Users\ltuser\AppData\Loc...}, goog:chromeOptions: {debuggerAddress: localhost:61407}, javascriptEnabled: true, networkConnectionEnabled: false, pageLoadStrategy: normal, platform: WINDOWS, platformName: WINDOWS, proxy: Proxy(), setWindowRect: true, strictFileInteractability: false, timeouts: {implicit: 0, pageLoad: 300000, script: 30000}, unhandledPromptBehavior: dismiss and notify, webauthn:virtualAuthenticators: true, webdriver.remote.sessionid: 477a01d8fc78133ea74e56847c9...}
	at org.openqa.selenium.remote.HttpCommandExecutor.execute(HttpCommandExecutor.java:145)
	at org.openqa.selenium.remote.TracedCommandExecutor.execute(TracedCommandExecutor.java:50)
	at org.openqa.selenium.remote.RemoteWebDriver.execute(RemoteWebDriver.java:559)
	at org.openqa.selenium.remote.RemoteWebDriver.executeScript(RemoteWebDriver.java:493)
	at com.LambdaTest.com.LambdaTestAssignment.SeleniumPlayGround.tearDown(SeleniumPlayGround.java:147)
	at java.util.concurrent.ThreadPoolExecutor.runWorker(Unknown Source)
	at java.util.concurrent.ThreadPoolExecutor$Worker.run(Unknown Source)
	at java.lang.Thread.run(Unknown Source)
... Removed 17 stack frames</div></td></tr></table><p class="totop"><a href="#summary">back to summary</a></p>
<h3 id="m1">com.LambdaTest.com.LambdaTestAssignment.SeleniumPlayGround#InputFormSubmit</h3><table class="result"><tr class="param"><th>Parameter #1</th><th>Parameter #2</th><th>Parameter #3</th><th>Parameter #4</th><th>Parameter #5</th><th>Parameter #6</th><th>Parameter #7</th><th>Parameter #8</th><th>Parameter #9</th><th>Parameter #10</th></tr><tr class="param stripe"><td>Radha</td><td>test123@gmail.com</td><td>testweclome@121</td><td>TestCompany</td><td>DemoWebsite.com</td><td>Bangalore</td><td>flat no 3,abc road</td><td>global village</td><td>karnataka</td><td>341200</td></tr><tr><th colspan="10">Exception</th></tr><tr><td colspan="10"><div class="stacktrace">org.openqa.selenium.StaleElementReferenceException: stale element reference: element is not attached to the page document
  (Session info: chrome=87.0.4280.66)
For documentation on this error, please visit: https://selenium.dev/exceptions/#stale_element_reference
Build info: version: &apos;4.1.0&apos;, revision: &apos;87802e897b&apos;
System info: host: &apos;LENOVO&apos;, ip: &apos;192.168.225.134&apos;, os.name: &apos;Windows 8.1&apos;, os.arch: &apos;amd64&apos;, os.version: &apos;6.3&apos;, java.version: &apos;1.8.0_201&apos;
Driver info: org.openqa.selenium.remote.RemoteWebDriver
Command: [477a01d8fc78133ea74e56847c99125f, clickElement {id=7878b6a1-fec9-44a3-bb9c-c596a40006b6}]
Capabilities {acceptInsecureCerts: false, browserName: chrome, browserVersion: 87.0.4280.66, chrome: {chromedriverVersion: 87.0.4280.20 (c99e81631faa0..., userDataDir: C:\Users\ltuser\AppData\Loc...}, goog:chromeOptions: {debuggerAddress: localhost:61407}, javascriptEnabled: true, networkConnectionEnabled: false, pageLoadStrategy: normal, platform: WINDOWS, platformName: WINDOWS, proxy: Proxy(), setWindowRect: true, strictFileInteractability: false, timeouts: {implicit: 0, pageLoad: 300000, script: 30000}, unhandledPromptBehavior: dismiss and notify, webauthn:virtualAuthenticators: true, webdriver.remote.sessionid: 477a01d8fc78133ea74e56847c9...}
Element: [[RemoteWebDriver: chrome on WINDOWS (477a01d8fc78133ea74e56847c99125f)] -&gt; link text: Input Form Submit]
Session ID: 477a01d8fc78133ea74e56847c99125f
	at org.openqa.selenium.remote.codec.w3c.W3CHttpResponseCodec.createException(W3CHttpResponseCodec.java:200)
	at org.openqa.selenium.remote.codec.w3c.W3CHttpResponseCodec.decode(W3CHttpResponseCodec.java:133)
	at org.openqa.selenium.remote.codec.w3c.W3CHttpResponseCodec.decode(W3CHttpResponseCodec.java:53)
	at org.openqa.selenium.remote.HttpCommandExecutor.execute(HttpCommandExecutor.java:184)
	at org.openqa.selenium.remote.TracedCommandExecutor.execute(TracedCommandExecutor.java:50)
	at org.openqa.selenium.remote.RemoteWebDriver.execute(RemoteWebDriver.java:559)
	at org.openqa.selenium.remote.RemoteWebElement.execute(RemoteWebElement.java:251)
	at org.openqa.selenium.remote.RemoteWebElement.click(RemoteWebElement.java:77)
	at com.LambdaTest.com.LambdaTestAssignment.SeleniumPlayGround.InputFormSubmit(SeleniumPlayGround.java:119)
	at java.util.concurrent.ThreadPoolExecutor.runWorker(Unknown Source)
	at java.util.concurrent.ThreadPoolExecutor$Worker.run(Unknown Source)
	at java.lang.Thread.run(Unknown Source)
... Removed 16 stack frames</div></td></tr></table><p class="totop"><a href="#summary">back to summary</a></p>
<h3 id="m2">com.LambdaTest.com.LambdaTestAssignment.SeleniumPlayGround#simpleFormDemo</h3><table class="result"><tr><th>Exception</th></tr><tr><td><div class="stacktrace">org.openqa.selenium.WebDriverException: Unable to find the session info for particular sessionId 477a01d8fc78133ea74e56847c99125f, maybe session has quit already or timed out.
Build info: version: &apos;4.1.0&apos;, revision: &apos;87802e897b&apos;
System info: host: &apos;LENOVO&apos;, ip: &apos;192.168.225.134&apos;, os.name: &apos;Windows 8.1&apos;, os.arch: &apos;amd64&apos;, os.version: &apos;6.3&apos;, java.version: &apos;1.8.0_201&apos;
Driver info: org.openqa.selenium.remote.RemoteWebDriver
Command: [477a01d8fc78133ea74e56847c99125f, findElement {using=id, value=showInput}]
Capabilities {acceptInsecureCerts: false, browserName: chrome, browserVersion: 87.0.4280.66, chrome: {chromedriverVersion: 87.0.4280.20 (c99e81631faa0..., userDataDir: C:\Users\ltuser\AppData\Loc...}, goog:chromeOptions: {debuggerAddress: localhost:61407}, javascriptEnabled: true, networkConnectionEnabled: false, pageLoadStrategy: normal, platform: WINDOWS, platformName: WINDOWS, proxy: Proxy(), setWindowRect: true, strictFileInteractability: false, timeouts: {implicit: 0, pageLoad: 300000, script: 30000}, unhandledPromptBehavior: dismiss and notify, webauthn:virtualAuthenticators: true, webdriver.remote.sessionid: 477a01d8fc78133ea74e56847c9...}
	at org.openqa.selenium.remote.codec.w3c.W3CHttpResponseCodec.createException(W3CHttpResponseCodec.java:200)
	at org.openqa.selenium.remote.codec.w3c.W3CHttpResponseCodec.decode(W3CHttpResponseCodec.java:133)
	at org.openqa.selenium.remote.codec.w3c.W3CHttpResponseCodec.decode(W3CHttpResponseCodec.java:53)
	at org.openqa.selenium.remote.HttpCommandExecutor.execute(HttpCommandExecutor.java:184)
	at org.openqa.selenium.remote.TracedCommandExecutor.execute(TracedCommandExecutor.java:50)
	at org.openqa.selenium.remote.RemoteWebDriver.execute(RemoteWebDriver.java:559)
	at org.openqa.selenium.remote.ElementLocation$ElementFinder$2.findElement(ElementLocation.java:162)
	at org.openqa.selenium.remote.ElementLocation.findElement(ElementLocation.java:66)
	at org.openqa.selenium.remote.RemoteWebDriver.findElement(RemoteWebDriver.java:383)
	at org.openqa.selenium.remote.RemoteWebDriver.findElement(RemoteWebDriver.java:375)
	at com.LambdaTest.com.LambdaTestAssignment.SeleniumPlayGround.simpleFormDemo(SeleniumPlayGround.java:72)
	at java.util.concurrent.ThreadPoolExecutor.runWorker(Unknown Source)
	at java.util.concurrent.ThreadPoolExecutor$Worker.run(Unknown Source)
	at java.lang.Thread.run(Unknown Source)
... Removed 16 stack frames</div></td></tr></table><p class="totop"><a href="#summary">back to summary</a></p>
<h3 id="m3">com.LambdaTest.com.LambdaTestAssignment.SeleniumPlayGround#tearDown</h3><table class="result"><tr><th class="invisible"/></tr></table><p class="totop"><a href="#summary">back to summary</a></p>
<h3 id="m4">com.LambdaTest.com.LambdaTestAssignment.SeleniumPlayGround#DragandDrop</h3><table class="result"><tr><th>Exception</th></tr><tr><td><div class="stacktrace">org.openqa.selenium.NoSuchSessionException: Session ID is null. Using WebDriver after calling quit()?
Build info: version: &apos;4.1.0&apos;, revision: &apos;87802e897b&apos;
System info: host: &apos;LENOVO&apos;, ip: &apos;192.168.225.134&apos;, os.name: &apos;Windows 8.1&apos;, os.arch: &apos;amd64&apos;, os.version: &apos;6.3&apos;, java.version: &apos;1.8.0_201&apos;
Driver info: org.openqa.selenium.remote.RemoteWebDriver
Command: [null, executeScript {script=lambda-status=false, args=[]}]
Capabilities {acceptInsecureCerts: false, browserName: chrome, browserVersion: 87.0.4280.66, chrome: {chromedriverVersion: 87.0.4280.20 (c99e81631faa0..., userDataDir: C:\Users\ltuser\AppData\Loc...}, goog:chromeOptions: {debuggerAddress: localhost:61407}, javascriptEnabled: true, networkConnectionEnabled: false, pageLoadStrategy: normal, platform: WINDOWS, platformName: WINDOWS, proxy: Proxy(), setWindowRect: true, strictFileInteractability: false, timeouts: {implicit: 0, pageLoad: 300000, script: 30000}, unhandledPromptBehavior: dismiss and notify, webauthn:virtualAuthenticators: true, webdriver.remote.sessionid: 477a01d8fc78133ea74e56847c9...}
	at org.openqa.selenium.remote.HttpCommandExecutor.execute(HttpCommandExecutor.java:145)
	at org.openqa.selenium.remote.TracedCommandExecutor.execute(TracedCommandExecutor.java:50)
	at org.openqa.selenium.remote.RemoteWebDriver.execute(RemoteWebDriver.java:559)
	at org.openqa.selenium.remote.RemoteWebDriver.executeScript(RemoteWebDriver.java:493)
	at com.LambdaTest.com.LambdaTestAssignment.SeleniumPlayGround.tearDown(SeleniumPlayGround.java:147)
	at java.util.concurrent.ThreadPoolExecutor.runWorker(Unknown Source)
	at java.util.concurrent.ThreadPoolExecutor$Worker.run(Unknown Source)
	at java.lang.Thread.run(Unknown Source)
... Removed 17 stack frames</div></td></tr></table><p class="totop"><a href="#summary">back to summary</a></p>
<h2>MACTEST</h2><h3 id="m5">com.LambdaTest.com.LambdaTestAssignment.SeleniumPlayGround#tearDown</h3><table class="result"><tr><th>Exception</th></tr><tr><td><div class="stacktrace">org.openqa.selenium.NoSuchSessionException: Session ID is null. Using WebDriver after calling quit()?
Build info: version: &apos;4.1.0&apos;, revision: &apos;87802e897b&apos;
System info: host: &apos;LENOVO&apos;, ip: &apos;192.168.225.134&apos;, os.name: &apos;Windows 8.1&apos;, os.arch: &apos;amd64&apos;, os.version: &apos;6.3&apos;, java.version: &apos;1.8.0_201&apos;
Driver info: org.openqa.selenium.remote.RemoteWebDriver
Command: [null, executeScript {script=lambda-status=false, args=[]}]
Capabilities {acceptInsecureCerts: false, browserName: msedge, browserVersion: 87.0.664.41, javascriptEnabled: true, ms:edgeOptions: {debuggerAddress: localhost:59809}, msedge: {msedgedriverVersion: 87.0.669.0 (9e7154764c4ca8c..., userDataDir: /var/folders/qq/vnv9tm6922q...}, networkConnectionEnabled: false, pageLoadStrategy: normal, platform: MAC, platformName: MAC, proxy: Proxy(), setWindowRect: true, strictFileInteractability: false, timeouts: {implicit: 0, pageLoad: 300000, script: 30000}, unhandledPromptBehavior: dismiss and notify, webauthn:virtualAuthenticators: true, webdriver.remote.sessionid: 3753e29816d6bbba0a52368e2ce...}
	at org.openqa.selenium.remote.HttpCommandExecutor.execute(HttpCommandExecutor.java:145)
	at org.openqa.selenium.remote.TracedCommandExecutor.execute(TracedCommandExecutor.java:50)
	at org.openqa.selenium.remote.RemoteWebDriver.execute(RemoteWebDriver.java:559)
	at org.openqa.selenium.remote.RemoteWebDriver.executeScript(RemoteWebDriver.java:493)
	at com.LambdaTest.com.LambdaTestAssignment.SeleniumPlayGround.tearDown(SeleniumPlayGround.java:147)
	at java.util.concurrent.ThreadPoolExecutor.runWorker(Unknown Source)
	at java.util.concurrent.ThreadPoolExecutor$Worker.run(Unknown Source)
	at java.lang.Thread.run(Unknown Source)
... Removed 17 stack frames</div></td></tr></table><p class="totop"><a href="#summary">back to summary</a></p>
<h3 id="m6">com.LambdaTest.com.LambdaTestAssignment.SeleniumPlayGround#InputFormSubmit</h3><table class="result"><tr class="param"><th>Parameter #1</th><th>Parameter #2</th><th>Parameter #3</th><th>Parameter #4</th><th>Parameter #5</th><th>Parameter #6</th><th>Parameter #7</th><th>Parameter #8</th><th>Parameter #9</th><th>Parameter #10</th></tr><tr class="param stripe"><td>Radha</td><td>test123@gmail.com</td><td>testweclome@121</td><td>TestCompany</td><td>DemoWebsite.com</td><td>Bangalore</td><td>flat no 3,abc road</td><td>global village</td><td>karnataka</td><td>341200</td></tr><tr><th colspan="10">Exception</th></tr><tr><td colspan="10"><div class="stacktrace">org.openqa.selenium.WebDriverException: Unable to find the session info for particular sessionId 3753e29816d6bbba0a52368e2ced78e7, maybe session has quit already or timed out.
Build info: version: &apos;4.1.0&apos;, revision: &apos;87802e897b&apos;
System info: host: &apos;LENOVO&apos;, ip: &apos;192.168.225.134&apos;, os.name: &apos;Windows 8.1&apos;, os.arch: &apos;amd64&apos;, os.version: &apos;6.3&apos;, java.version: &apos;1.8.0_201&apos;
Driver info: org.openqa.selenium.remote.RemoteWebDriver
Command: [3753e29816d6bbba0a52368e2ced78e7, setTimeout {implicit=20000}]
Capabilities {acceptInsecureCerts: false, browserName: msedge, browserVersion: 87.0.664.41, javascriptEnabled: true, ms:edgeOptions: {debuggerAddress: localhost:59809}, msedge: {msedgedriverVersion: 87.0.669.0 (9e7154764c4ca8c..., userDataDir: /var/folders/qq/vnv9tm6922q...}, networkConnectionEnabled: false, pageLoadStrategy: normal, platform: MAC, platformName: MAC, proxy: Proxy(), setWindowRect: true, strictFileInteractability: false, timeouts: {implicit: 0, pageLoad: 300000, script: 30000}, unhandledPromptBehavior: dismiss and notify, webauthn:virtualAuthenticators: true, webdriver.remote.sessionid: 3753e29816d6bbba0a52368e2ce...}
	at org.openqa.selenium.remote.codec.w3c.W3CHttpResponseCodec.createException(W3CHttpResponseCodec.java:200)
	at org.openqa.selenium.remote.codec.w3c.W3CHttpResponseCodec.decode(W3CHttpResponseCodec.java:133)
	at org.openqa.selenium.remote.codec.w3c.W3CHttpResponseCodec.decode(W3CHttpResponseCodec.java:53)
	at org.openqa.selenium.remote.HttpCommandExecutor.execute(HttpCommandExecutor.java:184)
	at org.openqa.selenium.remote.TracedCommandExecutor.execute(TracedCommandExecutor.java:50)
	at org.openqa.selenium.remote.RemoteWebDriver.execute(RemoteWebDriver.java:559)
	at org.openqa.selenium.remote.RemoteWebDriver$RemoteWebDriverOptions$RemoteTimeouts.implicitlyWait(RemoteWebDriver.java:829)
	at org.openqa.selenium.remote.RemoteWebDriver$RemoteWebDriverOptions$RemoteTimeouts.implicitlyWait(RemoteWebDriver.java:824)
	at com.LambdaTest.com.LambdaTestAssignment.SeleniumPlayGround.InputFormSubmit(SeleniumPlayGround.java:118)
	at java.util.concurrent.ThreadPoolExecutor.runWorker(Unknown Source)
	at java.util.concurrent.ThreadPoolExecutor$Worker.run(Unknown Source)
	at java.lang.Thread.run(Unknown Source)
... Removed 16 stack frames</div></td></tr></table><p class="totop"><a href="#summary">back to summary</a></p>
<h3 id="m7">com.LambdaTest.com.LambdaTestAssignment.SeleniumPlayGround#DragandDrop</h3><table class="result"><tr><th class="invisible"/></tr></table><p class="totop"><a href="#summary">back to summary</a></p>
<h3 id="m8">com.LambdaTest.com.LambdaTestAssignment.SeleniumPlayGround#simpleFormDemo</h3><table class="result"><tr><th class="invisible"/></tr></table><p class="totop"><a href="#summary">back to summary</a></p>
<h2>WIN7TEST</h2><h3 id="m9">com.LambdaTest.com.LambdaTestAssignment.SeleniumPlayGround#DragandDrop</h3><table class="result"><tr><th>Exception</th></tr><tr><td><div class="stacktrace">java.lang.AssertionError: The slider range value is not 95 expected [95] but found [96]
	at com.LambdaTest.com.LambdaTestAssignment.SeleniumPlayGround.DragandDrop(SeleniumPlayGround.java:102)
	at java.util.concurrent.ThreadPoolExecutor.runWorker(Unknown Source)
	at java.util.concurrent.ThreadPoolExecutor$Worker.run(Unknown Source)
	at java.lang.Thread.run(Unknown Source)
... Removed 17 stack frames</div></td></tr></table><p class="totop"><a href="#summary">back to summary</a></p>
<h3 id="m10">com.LambdaTest.com.LambdaTestAssignment.SeleniumPlayGround#InputFormSubmit</h3><table class="result"><tr class="param"><th>Parameter #1</th><th>Parameter #2</th><th>Parameter #3</th><th>Parameter #4</th><th>Parameter #5</th><th>Parameter #6</th><th>Parameter #7</th><th>Parameter #8</th><th>Parameter #9</th><th>Parameter #10</th></tr><tr class="param stripe"><td>Radha</td><td>test123@gmail.com</td><td>testweclome@121</td><td>TestCompany</td><td>DemoWebsite.com</td><td>Bangalore</td><td>flat no 3,abc road</td><td>global village</td><td>karnataka</td><td>341200</td></tr></table><p class="totop"><a href="#summary">back to summary</a></p>
<h3 id="m11">com.LambdaTest.com.LambdaTestAssignment.SeleniumPlayGround#simpleFormDemo</h3><table class="result"><tr><th class="invisible"/></tr></table><p class="totop"><a href="#summary">back to summary</a></p>
<h2>WIN10IETEST</h2><h3 id="m12">com.LambdaTest.com.LambdaTestAssignment.SeleniumPlayGround#DragandDrop</h3><table class="result"><tr><th>Exception</th></tr><tr><td><div class="stacktrace">java.lang.AssertionError: The slider range value is not 95 expected [95] but found [51]
	at com.LambdaTest.com.LambdaTestAssignment.SeleniumPlayGround.DragandDrop(SeleniumPlayGround.java:102)
	at java.util.concurrent.ThreadPoolExecutor.runWorker(Unknown Source)
	at java.util.concurrent.ThreadPoolExecutor$Worker.run(Unknown Source)
	at java.lang.Thread.run(Unknown Source)
... Removed 17 stack frames</div></td></tr></table><p class="totop"><a href="#summary">back to summary</a></p>
<h3 id="m13">com.LambdaTest.com.LambdaTestAssignment.SeleniumPlayGround#InputFormSubmit</h3><table class="result"><tr class="param"><th>Parameter #1</th><th>Parameter #2</th><th>Parameter #3</th><th>Parameter #4</th><th>Parameter #5</th><th>Parameter #6</th><th>Parameter #7</th><th>Parameter #8</th><th>Parameter #9</th><th>Parameter #10</th></tr><tr class="param stripe"><td>Radha</td><td>test123@gmail.com</td><td>testweclome@121</td><td>TestCompany</td><td>DemoWebsite.com</td><td>Bangalore</td><td>flat no 3,abc road</td><td>global village</td><td>karnataka</td><td>341200</td></tr></table><p class="totop"><a href="#summary">back to summary</a></p>
<h3 id="m14">com.LambdaTest.com.LambdaTestAssignment.SeleniumPlayGround#simpleFormDemo</h3><table class="result"><tr><th class="invisible"/></tr></table><p class="totop"><a href="#summary">back to summary</a></p>
</body>
</html>
