<?xml version="1.0" encoding="UTF-8"?>
<testng-results skipped="1" failed="5" ignored="0" total="12" passed="6">
  <reporter-output>
  </reporter-output>
  <suite name="LambaTestSuite" duration-ms="329338" started-at="2022-01-09T14:43:07 IST" finished-at="2022-01-09T14:48:37 IST">
    <groups>
    </groups>
    <test name="WIN10CHROMETEST" duration-ms="32878" started-at="2022-01-09T14:43:07 IST" finished-at="2022-01-09T14:43:40 IST">
      <class name="com.LambdaTest.com.LambdaTestAssignment.SeleniumPlayGround">
        <test-method status="PASS" signature="setUp(java.lang.String,java.lang.String,java.lang.String)[pri:0, instance:com.LambdaTest.com.LambdaTestAssignment.SeleniumPlayGround@262b2c86]" name="setUp" is-config="true" duration-ms="16866" started-at="2022-01-09T14:43:08 IST" finished-at="2022-01-09T14:43:25 IST">
          <params>
            <param index="0">
              <value>
                <![CDATA[chrome]]>
              </value>
            </param>
            <param index="1">
              <value>
                <![CDATA[88.0]]>
              </value>
            </param>
            <param index="2">
              <value>
                <![CDATA[WIN10]]>
              </value>
            </param>
          </params>
          <reporter-output>
          </reporter-output>
        </test-method> <!-- setUp -->
        <test-method status="PASS" signature="setUp(java.lang.String,java.lang.String,java.lang.String)[pri:0, instance:com.LambdaTest.com.LambdaTestAssignment.SeleniumPlayGround@262b2c86]" name="setUp" is-config="true" duration-ms="32144" started-at="2022-01-09T14:43:08 IST" finished-at="2022-01-09T14:43:40 IST">
          <params>
            <param index="0">
              <value>
                <![CDATA[chrome]]>
              </value>
            </param>
            <param index="1">
              <value>
                <![CDATA[88.0]]>
              </value>
            </param>
            <param index="2">
              <value>
                <![CDATA[WIN10]]>
              </value>
            </param>
          </params>
          <reporter-output>
          </reporter-output>
        </test-method> <!-- setUp -->
        <test-method status="PASS" signature="setUp(java.lang.String,java.lang.String,java.lang.String)[pri:0, instance:com.LambdaTest.com.LambdaTestAssignment.SeleniumPlayGround@262b2c86]" name="setUp" is-config="true" duration-ms="16787" started-at="2022-01-09T14:43:08 IST" finished-at="2022-01-09T14:43:25 IST">
          <params>
            <param index="0">
              <value>
                <![CDATA[chrome]]>
              </value>
            </param>
            <param index="1">
              <value>
                <![CDATA[88.0]]>
              </value>
            </param>
            <param index="2">
              <value>
                <![CDATA[WIN10]]>
              </value>
            </param>
          </params>
          <reporter-output>
          </reporter-output>
        </test-method> <!-- setUp -->
        <test-method status="FAIL" signature="InputFormSubmit(java.lang.String,java.lang.String,java.lang.String,java.lang.String,java.lang.String,java.lang.String,java.lang.String,java.lang.String,java.lang.String,java.lang.String)[pri:2, instance:com.LambdaTest.com.LambdaTestAssignment.SeleniumPlayGround@262b2c86]" name="InputFormSubmit" duration-ms="2688" started-at="2022-01-09T14:43:25 IST" data-provider="data-provider" finished-at="2022-01-09T14:43:28 IST">
          <params>
            <param index="0">
              <value>
                <![CDATA[Radha]]>
              </value>
            </param>
            <param index="1">
              <value>
                <![CDATA[test123@gmail.com]]>
              </value>
            </param>
            <param index="2">
              <value>
                <![CDATA[testweclome@121]]>
              </value>
            </param>
            <param index="3">
              <value>
                <![CDATA[TestCompany]]>
              </value>
            </param>
            <param index="4">
              <value>
                <![CDATA[DemoWebsite.com]]>
              </value>
            </param>
            <param index="5">
              <value>
                <![CDATA[Bangalore]]>
              </value>
            </param>
            <param index="6">
              <value>
                <![CDATA[flat no 3,abc road]]>
              </value>
            </param>
            <param index="7">
              <value>
                <![CDATA[global village]]>
              </value>
            </param>
            <param index="8">
              <value>
                <![CDATA[karnataka]]>
              </value>
            </param>
            <param index="9">
              <value>
                <![CDATA[341200]]>
              </value>
            </param>
          </params>
          <exception class="org.openqa.selenium.StaleElementReferenceException">
            <message>
              <![CDATA[stale element reference: element is not attached to the page document
  (Session info: chrome=87.0.4280.66)
For documentation on this error, please visit: https://selenium.dev/exceptions/#stale_element_reference
Build info: version: '4.1.0', revision: '87802e897b'
System info: host: 'LENOVO', ip: '192.168.225.134', os.name: 'Windows 8.1', os.arch: 'amd64', os.version: '6.3', java.version: '1.8.0_201'
Driver info: org.openqa.selenium.remote.RemoteWebDriver
Command: [477a01d8fc78133ea74e56847c99125f, clickElement {id=7878b6a1-fec9-44a3-bb9c-c596a40006b6}]
Capabilities {acceptInsecureCerts: false, browserName: chrome, browserVersion: 87.0.4280.66, chrome: {chromedriverVersion: 87.0.4280.20 (c99e81631faa0..., userDataDir: C:\Users\ltuser\AppData\Loc...}, goog:chromeOptions: {debuggerAddress: localhost:61407}, javascriptEnabled: true, networkConnectionEnabled: false, pageLoadStrategy: normal, platform: WINDOWS, platformName: WINDOWS, proxy: Proxy(), setWindowRect: true, strictFileInteractability: false, timeouts: {implicit: 0, pageLoad: 300000, script: 30000}, unhandledPromptBehavior: dismiss and notify, webauthn:virtualAuthenticators: true, webdriver.remote.sessionid: 477a01d8fc78133ea74e56847c9...}
Element: [[RemoteWebDriver: chrome on WINDOWS (477a01d8fc78133ea74e56847c99125f)] -> link text: Input Form Submit]
Session ID: 477a01d8fc78133ea74e56847c99125f]]>
            </message>
            <full-stacktrace>
              <![CDATA[org.openqa.selenium.StaleElementReferenceException: stale element reference: element is not attached to the page document
  (Session info: chrome=87.0.4280.66)
For documentation on this error, please visit: https://selenium.dev/exceptions/#stale_element_reference
Build info: version: '4.1.0', revision: '87802e897b'
System info: host: 'LENOVO', ip: '192.168.225.134', os.name: 'Windows 8.1', os.arch: 'amd64', os.version: '6.3', java.version: '1.8.0_201'
Driver info: org.openqa.selenium.remote.RemoteWebDriver
Command: [477a01d8fc78133ea74e56847c99125f, clickElement {id=7878b6a1-fec9-44a3-bb9c-c596a40006b6}]
Capabilities {acceptInsecureCerts: false, browserName: chrome, browserVersion: 87.0.4280.66, chrome: {chromedriverVersion: 87.0.4280.20 (c99e81631faa0..., userDataDir: C:\Users\ltuser\AppData\Loc...}, goog:chromeOptions: {debuggerAddress: localhost:61407}, javascriptEnabled: true, networkConnectionEnabled: false, pageLoadStrategy: normal, platform: WINDOWS, platformName: WINDOWS, proxy: Proxy(), setWindowRect: true, strictFileInteractability: false, timeouts: {implicit: 0, pageLoad: 300000, script: 30000}, unhandledPromptBehavior: dismiss and notify, webauthn:virtualAuthenticators: true, webdriver.remote.sessionid: 477a01d8fc78133ea74e56847c9...}
Element: [[RemoteWebDriver: chrome on WINDOWS (477a01d8fc78133ea74e56847c99125f)] -> link text: Input Form Submit]
Session ID: 477a01d8fc78133ea74e56847c99125f
at sun.reflect.NativeConstructorAccessorImpl.newInstance0(Native Method)
at sun.reflect.NativeConstructorAccessorImpl.newInstance(Unknown Source)
at sun.reflect.DelegatingConstructorAccessorImpl.newInstance(Unknown Source)
at java.lang.reflect.Constructor.newInstance(Unknown Source)
at org.openqa.selenium.remote.codec.w3c.W3CHttpResponseCodec.createException(W3CHttpResponseCodec.java:200)
at org.openqa.selenium.remote.codec.w3c.W3CHttpResponseCodec.decode(W3CHttpResponseCodec.java:133)
at org.openqa.selenium.remote.codec.w3c.W3CHttpResponseCodec.decode(W3CHttpResponseCodec.java:53)
at org.openqa.selenium.remote.HttpCommandExecutor.execute(HttpCommandExecutor.java:184)
at org.openqa.selenium.remote.TracedCommandExecutor.execute(TracedCommandExecutor.java:50)
at org.openqa.selenium.remote.RemoteWebDriver.execute(RemoteWebDriver.java:559)
at org.openqa.selenium.remote.RemoteWebElement.execute(RemoteWebElement.java:251)
at org.openqa.selenium.remote.RemoteWebElement.click(RemoteWebElement.java:77)
at com.LambdaTest.com.LambdaTestAssignment.SeleniumPlayGround.InputFormSubmit(SeleniumPlayGround.java:119)
at sun.reflect.NativeMethodAccessorImpl.invoke0(Native Method)
at sun.reflect.NativeMethodAccessorImpl.invoke(Unknown Source)
at sun.reflect.DelegatingMethodAccessorImpl.invoke(Unknown Source)
at java.lang.reflect.Method.invoke(Unknown Source)
at org.testng.internal.MethodInvocationHelper.invokeMethod(MethodInvocationHelper.java:133)
at org.testng.internal.TestInvoker.invokeMethod(TestInvoker.java:598)
at org.testng.internal.TestInvoker.invokeTestMethod(TestInvoker.java:173)
at org.testng.internal.MethodRunner.runInSequence(MethodRunner.java:46)
at org.testng.internal.TestInvoker$MethodInvocationAgent.invoke(TestInvoker.java:824)
at org.testng.internal.TestInvoker.invokeTestMethods(TestInvoker.java:146)
at org.testng.internal.TestMethodWorker.invokeTestMethods(TestMethodWorker.java:146)
at org.testng.internal.TestMethodWorker.run(TestMethodWorker.java:128)
at java.util.concurrent.ThreadPoolExecutor.runWorker(Unknown Source)
at java.util.concurrent.ThreadPoolExecutor$Worker.run(Unknown Source)
at java.lang.Thread.run(Unknown Source)
]]>
            </full-stacktrace>
          </exception> <!-- org.openqa.selenium.StaleElementReferenceException -->
          <reporter-output>
          </reporter-output>
        </test-method> <!-- InputFormSubmit -->
        <test-method status="FAIL" signature="simpleFormDemo()[pri:0, instance:com.LambdaTest.com.LambdaTestAssignment.SeleniumPlayGround@262b2c86]" name="simpleFormDemo" duration-ms="5399" started-at="2022-01-09T14:43:25 IST" finished-at="2022-01-09T14:43:30 IST">
          <exception class="org.openqa.selenium.WebDriverException">
            <message>
              <![CDATA[Unable to find the session info for particular sessionId 477a01d8fc78133ea74e56847c99125f, maybe session has quit already or timed out.
Build info: version: '4.1.0', revision: '87802e897b'
System info: host: 'LENOVO', ip: '192.168.225.134', os.name: 'Windows 8.1', os.arch: 'amd64', os.version: '6.3', java.version: '1.8.0_201'
Driver info: org.openqa.selenium.remote.RemoteWebDriver
Command: [477a01d8fc78133ea74e56847c99125f, findElement {using=id, value=showInput}]
Capabilities {acceptInsecureCerts: false, browserName: chrome, browserVersion: 87.0.4280.66, chrome: {chromedriverVersion: 87.0.4280.20 (c99e81631faa0..., userDataDir: C:\Users\ltuser\AppData\Loc...}, goog:chromeOptions: {debuggerAddress: localhost:61407}, javascriptEnabled: true, networkConnectionEnabled: false, pageLoadStrategy: normal, platform: WINDOWS, platformName: WINDOWS, proxy: Proxy(), setWindowRect: true, strictFileInteractability: false, timeouts: {implicit: 0, pageLoad: 300000, script: 30000}, unhandledPromptBehavior: dismiss and notify, webauthn:virtualAuthenticators: true, webdriver.remote.sessionid: 477a01d8fc78133ea74e56847c9...}]]>
            </message>
            <full-stacktrace>
              <![CDATA[org.openqa.selenium.WebDriverException: Unable to find the session info for particular sessionId 477a01d8fc78133ea74e56847c99125f, maybe session has quit already or timed out.
Build info: version: '4.1.0', revision: '87802e897b'
System info: host: 'LENOVO', ip: '192.168.225.134', os.name: 'Windows 8.1', os.arch: 'amd64', os.version: '6.3', java.version: '1.8.0_201'
Driver info: org.openqa.selenium.remote.RemoteWebDriver
Command: [477a01d8fc78133ea74e56847c99125f, findElement {using=id, value=showInput}]
Capabilities {acceptInsecureCerts: false, browserName: chrome, browserVersion: 87.0.4280.66, chrome: {chromedriverVersion: 87.0.4280.20 (c99e81631faa0..., userDataDir: C:\Users\ltuser\AppData\Loc...}, goog:chromeOptions: {debuggerAddress: localhost:61407}, javascriptEnabled: true, networkConnectionEnabled: false, pageLoadStrategy: normal, platform: WINDOWS, platformName: WINDOWS, proxy: Proxy(), setWindowRect: true, strictFileInteractability: false, timeouts: {implicit: 0, pageLoad: 300000, script: 30000}, unhandledPromptBehavior: dismiss and notify, webauthn:virtualAuthenticators: true, webdriver.remote.sessionid: 477a01d8fc78133ea74e56847c9...}
at sun.reflect.NativeConstructorAccessorImpl.newInstance0(Native Method)
at sun.reflect.NativeConstructorAccessorImpl.newInstance(Unknown Source)
at sun.reflect.DelegatingConstructorAccessorImpl.newInstance(Unknown Source)
at java.lang.reflect.Constructor.newInstance(Unknown Source)
at org.openqa.selenium.remote.codec.w3c.W3CHttpResponseCodec.createException(W3CHttpResponseCodec.java:200)
at org.openqa.selenium.remote.codec.w3c.W3CHttpResponseCodec.decode(W3CHttpResponseCodec.java:133)
at org.openqa.selenium.remote.codec.w3c.W3CHttpResponseCodec.decode(W3CHttpResponseCodec.java:53)
at org.openqa.selenium.remote.HttpCommandExecutor.execute(HttpCommandExecutor.java:184)
at org.openqa.selenium.remote.TracedCommandExecutor.execute(TracedCommandExecutor.java:50)
at org.openqa.selenium.remote.RemoteWebDriver.execute(RemoteWebDriver.java:559)
at org.openqa.selenium.remote.ElementLocation$ElementFinder$2.findElement(ElementLocation.java:162)
at org.openqa.selenium.remote.ElementLocation.findElement(ElementLocation.java:66)
at org.openqa.selenium.remote.RemoteWebDriver.findElement(RemoteWebDriver.java:383)
at org.openqa.selenium.remote.RemoteWebDriver.findElement(RemoteWebDriver.java:375)
at com.LambdaTest.com.LambdaTestAssignment.SeleniumPlayGround.simpleFormDemo(SeleniumPlayGround.java:72)
at sun.reflect.NativeMethodAccessorImpl.invoke0(Native Method)
at sun.reflect.NativeMethodAccessorImpl.invoke(Unknown Source)
at sun.reflect.DelegatingMethodAccessorImpl.invoke(Unknown Source)
at java.lang.reflect.Method.invoke(Unknown Source)
at org.testng.internal.MethodInvocationHelper.invokeMethod(MethodInvocationHelper.java:133)
at org.testng.internal.TestInvoker.invokeMethod(TestInvoker.java:598)
at org.testng.internal.TestInvoker.invokeTestMethod(TestInvoker.java:173)
at org.testng.internal.MethodRunner.runInSequence(MethodRunner.java:46)
at org.testng.internal.TestInvoker$MethodInvocationAgent.invoke(TestInvoker.java:824)
at org.testng.internal.TestInvoker.invokeTestMethods(TestInvoker.java:146)
at org.testng.internal.TestMethodWorker.invokeTestMethods(TestMethodWorker.java:146)
at org.testng.internal.TestMethodWorker.run(TestMethodWorker.java:128)
at java.util.concurrent.ThreadPoolExecutor.runWorker(Unknown Source)
at java.util.concurrent.ThreadPoolExecutor$Worker.run(Unknown Source)
at java.lang.Thread.run(Unknown Source)
]]>
            </full-stacktrace>
          </exception> <!-- org.openqa.selenium.WebDriverException -->
          <reporter-output>
          </reporter-output>
        </test-method> <!-- simpleFormDemo -->
        <test-method status="PASS" signature="tearDown()[pri:0, instance:com.LambdaTest.com.LambdaTestAssignment.SeleniumPlayGround@262b2c86]" name="tearDown" is-config="true" duration-ms="1916" started-at="2022-01-09T14:43:28 IST" finished-at="2022-01-09T14:43:30 IST">
          <reporter-output>
          </reporter-output>
        </test-method> <!-- tearDown -->
        <test-method status="FAIL" signature="tearDown()[pri:0, instance:com.LambdaTest.com.LambdaTestAssignment.SeleniumPlayGround@262b2c86]" name="tearDown" is-config="true" duration-ms="0" started-at="2022-01-09T14:43:30 IST" finished-at="2022-01-09T14:43:30 IST">
          <exception class="org.openqa.selenium.NoSuchSessionException">
            <message>
              <![CDATA[Session ID is null. Using WebDriver after calling quit()?
Build info: version: '4.1.0', revision: '87802e897b'
System info: host: 'LENOVO', ip: '192.168.225.134', os.name: 'Windows 8.1', os.arch: 'amd64', os.version: '6.3', java.version: '1.8.0_201'
Driver info: org.openqa.selenium.remote.RemoteWebDriver
Command: [null, executeScript {script=lambda-status=false, args=[]}]
Capabilities {acceptInsecureCerts: false, browserName: chrome, browserVersion: 87.0.4280.66, chrome: {chromedriverVersion: 87.0.4280.20 (c99e81631faa0..., userDataDir: C:\Users\ltuser\AppData\Loc...}, goog:chromeOptions: {debuggerAddress: localhost:61407}, javascriptEnabled: true, networkConnectionEnabled: false, pageLoadStrategy: normal, platform: WINDOWS, platformName: WINDOWS, proxy: Proxy(), setWindowRect: true, strictFileInteractability: false, timeouts: {implicit: 0, pageLoad: 300000, script: 30000}, unhandledPromptBehavior: dismiss and notify, webauthn:virtualAuthenticators: true, webdriver.remote.sessionid: 477a01d8fc78133ea74e56847c9...}]]>
            </message>
            <full-stacktrace>
              <![CDATA[org.openqa.selenium.NoSuchSessionException: Session ID is null. Using WebDriver after calling quit()?
Build info: version: '4.1.0', revision: '87802e897b'
System info: host: 'LENOVO', ip: '192.168.225.134', os.name: 'Windows 8.1', os.arch: 'amd64', os.version: '6.3', java.version: '1.8.0_201'
Driver info: org.openqa.selenium.remote.RemoteWebDriver
Command: [null, executeScript {script=lambda-status=false, args=[]}]
Capabilities {acceptInsecureCerts: false, browserName: chrome, browserVersion: 87.0.4280.66, chrome: {chromedriverVersion: 87.0.4280.20 (c99e81631faa0..., userDataDir: C:\Users\ltuser\AppData\Loc...}, goog:chromeOptions: {debuggerAddress: localhost:61407}, javascriptEnabled: true, networkConnectionEnabled: false, pageLoadStrategy: normal, platform: WINDOWS, platformName: WINDOWS, proxy: Proxy(), setWindowRect: true, strictFileInteractability: false, timeouts: {implicit: 0, pageLoad: 300000, script: 30000}, unhandledPromptBehavior: dismiss and notify, webauthn:virtualAuthenticators: true, webdriver.remote.sessionid: 477a01d8fc78133ea74e56847c9...}
at org.openqa.selenium.remote.HttpCommandExecutor.execute(HttpCommandExecutor.java:145)
at org.openqa.selenium.remote.TracedCommandExecutor.execute(TracedCommandExecutor.java:50)
at org.openqa.selenium.remote.RemoteWebDriver.execute(RemoteWebDriver.java:559)
at org.openqa.selenium.remote.RemoteWebDriver.executeScript(RemoteWebDriver.java:493)
at com.LambdaTest.com.LambdaTestAssignment.SeleniumPlayGround.tearDown(SeleniumPlayGround.java:147)
at sun.reflect.NativeMethodAccessorImpl.invoke0(Native Method)
at sun.reflect.NativeMethodAccessorImpl.invoke(Unknown Source)
at sun.reflect.DelegatingMethodAccessorImpl.invoke(Unknown Source)
at java.lang.reflect.Method.invoke(Unknown Source)
at org.testng.internal.MethodInvocationHelper.invokeMethod(MethodInvocationHelper.java:133)
at org.testng.internal.MethodInvocationHelper.invokeMethodConsideringTimeout(MethodInvocationHelper.java:62)
at org.testng.internal.ConfigInvoker.invokeConfigurationMethod(ConfigInvoker.java:385)
at org.testng.internal.ConfigInvoker.invokeConfigurations(ConfigInvoker.java:321)
at org.testng.internal.TestInvoker.runConfigMethods(TestInvoker.java:700)
at org.testng.internal.TestInvoker.runAfterGroupsConfigurations(TestInvoker.java:676)
at org.testng.internal.TestInvoker.invokeMethod(TestInvoker.java:660)
at org.testng.internal.TestInvoker.invokeTestMethod(TestInvoker.java:173)
at org.testng.internal.MethodRunner.runInSequence(MethodRunner.java:46)
at org.testng.internal.TestInvoker$MethodInvocationAgent.invoke(TestInvoker.java:824)
at org.testng.internal.TestInvoker.invokeTestMethods(TestInvoker.java:146)
at org.testng.internal.TestMethodWorker.invokeTestMethods(TestMethodWorker.java:146)
at org.testng.internal.TestMethodWorker.run(TestMethodWorker.java:128)
at java.util.concurrent.ThreadPoolExecutor.runWorker(Unknown Source)
at java.util.concurrent.ThreadPoolExecutor$Worker.run(Unknown Source)
at java.lang.Thread.run(Unknown Source)
]]>
            </full-stacktrace>
          </exception> <!-- org.openqa.selenium.NoSuchSessionException -->
          <reporter-output>
          </reporter-output>
        </test-method> <!-- tearDown -->
        <test-method status="SKIP" signature="tearDown()[pri:0, instance:com.LambdaTest.com.LambdaTestAssignment.SeleniumPlayGround@262b2c86]" name="tearDown" is-config="true" duration-ms="-1641719620861" started-at="2022-01-09T14:43:40 IST" finished-at="1970-01-01T05:30:00 IST">
          <reporter-output>
          </reporter-output>
        </test-method> <!-- tearDown -->
        <test-method status="SKIP" signature="DragandDrop()[pri:1, instance:com.LambdaTest.com.LambdaTestAssignment.SeleniumPlayGround@262b2c86]" name="DragandDrop" duration-ms="0" started-at="2022-01-09T14:43:40 IST" finished-at="2022-01-09T14:43:40 IST">
          <exception class="org.openqa.selenium.NoSuchSessionException">
            <message>
              <![CDATA[Session ID is null. Using WebDriver after calling quit()?
Build info: version: '4.1.0', revision: '87802e897b'
System info: host: 'LENOVO', ip: '192.168.225.134', os.name: 'Windows 8.1', os.arch: 'amd64', os.version: '6.3', java.version: '1.8.0_201'
Driver info: org.openqa.selenium.remote.RemoteWebDriver
Command: [null, executeScript {script=lambda-status=false, args=[]}]
Capabilities {acceptInsecureCerts: false, browserName: chrome, browserVersion: 87.0.4280.66, chrome: {chromedriverVersion: 87.0.4280.20 (c99e81631faa0..., userDataDir: C:\Users\ltuser\AppData\Loc...}, goog:chromeOptions: {debuggerAddress: localhost:61407}, javascriptEnabled: true, networkConnectionEnabled: false, pageLoadStrategy: normal, platform: WINDOWS, platformName: WINDOWS, proxy: Proxy(), setWindowRect: true, strictFileInteractability: false, timeouts: {implicit: 0, pageLoad: 300000, script: 30000}, unhandledPromptBehavior: dismiss and notify, webauthn:virtualAuthenticators: true, webdriver.remote.sessionid: 477a01d8fc78133ea74e56847c9...}]]>
            </message>
            <full-stacktrace>
              <![CDATA[org.openqa.selenium.NoSuchSessionException: Session ID is null. Using WebDriver after calling quit()?
Build info: version: '4.1.0', revision: '87802e897b'
System info: host: 'LENOVO', ip: '192.168.225.134', os.name: 'Windows 8.1', os.arch: 'amd64', os.version: '6.3', java.version: '1.8.0_201'
Driver info: org.openqa.selenium.remote.RemoteWebDriver
Command: [null, executeScript {script=lambda-status=false, args=[]}]
Capabilities {acceptInsecureCerts: false, browserName: chrome, browserVersion: 87.0.4280.66, chrome: {chromedriverVersion: 87.0.4280.20 (c99e81631faa0..., userDataDir: C:\Users\ltuser\AppData\Loc...}, goog:chromeOptions: {debuggerAddress: localhost:61407}, javascriptEnabled: true, networkConnectionEnabled: false, pageLoadStrategy: normal, platform: WINDOWS, platformName: WINDOWS, proxy: Proxy(), setWindowRect: true, strictFileInteractability: false, timeouts: {implicit: 0, pageLoad: 300000, script: 30000}, unhandledPromptBehavior: dismiss and notify, webauthn:virtualAuthenticators: true, webdriver.remote.sessionid: 477a01d8fc78133ea74e56847c9...}
at org.openqa.selenium.remote.HttpCommandExecutor.execute(HttpCommandExecutor.java:145)
at org.openqa.selenium.remote.TracedCommandExecutor.execute(TracedCommandExecutor.java:50)
at org.openqa.selenium.remote.RemoteWebDriver.execute(RemoteWebDriver.java:559)
at org.openqa.selenium.remote.RemoteWebDriver.executeScript(RemoteWebDriver.java:493)
at com.LambdaTest.com.LambdaTestAssignment.SeleniumPlayGround.tearDown(SeleniumPlayGround.java:147)
at sun.reflect.NativeMethodAccessorImpl.invoke0(Native Method)
at sun.reflect.NativeMethodAccessorImpl.invoke(Unknown Source)
at sun.reflect.DelegatingMethodAccessorImpl.invoke(Unknown Source)
at java.lang.reflect.Method.invoke(Unknown Source)
at org.testng.internal.MethodInvocationHelper.invokeMethod(MethodInvocationHelper.java:133)
at org.testng.internal.MethodInvocationHelper.invokeMethodConsideringTimeout(MethodInvocationHelper.java:62)
at org.testng.internal.ConfigInvoker.invokeConfigurationMethod(ConfigInvoker.java:385)
at org.testng.internal.ConfigInvoker.invokeConfigurations(ConfigInvoker.java:321)
at org.testng.internal.TestInvoker.runConfigMethods(TestInvoker.java:700)
at org.testng.internal.TestInvoker.runAfterGroupsConfigurations(TestInvoker.java:676)
at org.testng.internal.TestInvoker.invokeMethod(TestInvoker.java:660)
at org.testng.internal.TestInvoker.invokeTestMethod(TestInvoker.java:173)
at org.testng.internal.MethodRunner.runInSequence(MethodRunner.java:46)
at org.testng.internal.TestInvoker$MethodInvocationAgent.invoke(TestInvoker.java:824)
at org.testng.internal.TestInvoker.invokeTestMethods(TestInvoker.java:146)
at org.testng.internal.TestMethodWorker.invokeTestMethods(TestMethodWorker.java:146)
at org.testng.internal.TestMethodWorker.run(TestMethodWorker.java:128)
at java.util.concurrent.ThreadPoolExecutor.runWorker(Unknown Source)
at java.util.concurrent.ThreadPoolExecutor$Worker.run(Unknown Source)
at java.lang.Thread.run(Unknown Source)
]]>
            </full-stacktrace>
          </exception> <!-- org.openqa.selenium.NoSuchSessionException -->
          <reporter-output>
          </reporter-output>
        </test-method> <!-- DragandDrop -->
      </class> <!-- com.LambdaTest.com.LambdaTestAssignment.SeleniumPlayGround -->
    </test> <!-- WIN10CHROMETEST -->
    <test name="MACTEST" duration-ms="153357" started-at="2022-01-09T14:43:40 IST" finished-at="2022-01-09T14:46:14 IST">
      <class name="com.LambdaTest.com.LambdaTestAssignment.SeleniumPlayGround">
        <test-method status="PASS" signature="setUp(java.lang.String,java.lang.String,java.lang.String)[pri:0, instance:com.LambdaTest.com.LambdaTestAssignment.SeleniumPlayGround@2eda0940]" name="setUp" is-config="true" duration-ms="118185" started-at="2022-01-09T14:43:40 IST" finished-at="2022-01-09T14:45:39 IST">
          <params>
            <param index="0">
              <value>
                <![CDATA[edge]]>
              </value>
            </param>
            <param index="1">
              <value>
                <![CDATA[87.0]]>
              </value>
            </param>
            <param index="2">
              <value>
                <![CDATA[macos sierra]]>
              </value>
            </param>
          </params>
          <reporter-output>
          </reporter-output>
        </test-method> <!-- setUp -->
        <test-method status="PASS" signature="setUp(java.lang.String,java.lang.String,java.lang.String)[pri:0, instance:com.LambdaTest.com.LambdaTestAssignment.SeleniumPlayGround@2eda0940]" name="setUp" is-config="true" duration-ms="142192" started-at="2022-01-09T14:43:40 IST" finished-at="2022-01-09T14:46:03 IST">
          <params>
            <param index="0">
              <value>
                <![CDATA[edge]]>
              </value>
            </param>
            <param index="1">
              <value>
                <![CDATA[87.0]]>
              </value>
            </param>
            <param index="2">
              <value>
                <![CDATA[macos sierra]]>
              </value>
            </param>
          </params>
          <reporter-output>
          </reporter-output>
        </test-method> <!-- setUp -->
        <test-method status="PASS" signature="setUp(java.lang.String,java.lang.String,java.lang.String)[pri:0, instance:com.LambdaTest.com.LambdaTestAssignment.SeleniumPlayGround@2eda0940]" name="setUp" is-config="true" duration-ms="152954" started-at="2022-01-09T14:43:40 IST" finished-at="2022-01-09T14:46:13 IST">
          <params>
            <param index="0">
              <value>
                <![CDATA[edge]]>
              </value>
            </param>
            <param index="1">
              <value>
                <![CDATA[87.0]]>
              </value>
            </param>
            <param index="2">
              <value>
                <![CDATA[macos sierra]]>
              </value>
            </param>
          </params>
          <reporter-output>
          </reporter-output>
        </test-method> <!-- setUp -->
        <test-method status="PASS" signature="simpleFormDemo()[pri:0, instance:com.LambdaTest.com.LambdaTestAssignment.SeleniumPlayGround@2eda0940]" name="simpleFormDemo" duration-ms="7360" started-at="2022-01-09T14:45:39 IST" finished-at="2022-01-09T14:45:46 IST">
          <reporter-output>
          </reporter-output>
        </test-method> <!-- simpleFormDemo -->
        <test-method status="PASS" signature="tearDown()[pri:0, instance:com.LambdaTest.com.LambdaTestAssignment.SeleniumPlayGround@2eda0940]" name="tearDown" is-config="true" duration-ms="2227" started-at="2022-01-09T14:45:46 IST" finished-at="2022-01-09T14:45:48 IST">
          <reporter-output>
          </reporter-output>
        </test-method> <!-- tearDown -->
        <test-method status="PASS" signature="DragandDrop()[pri:1, instance:com.LambdaTest.com.LambdaTestAssignment.SeleniumPlayGround@2eda0940]" name="DragandDrop" duration-ms="7170" started-at="2022-01-09T14:46:03 IST" finished-at="2022-01-09T14:46:10 IST">
          <reporter-output>
          </reporter-output>
        </test-method> <!-- DragandDrop -->
        <test-method status="PASS" signature="tearDown()[pri:0, instance:com.LambdaTest.com.LambdaTestAssignment.SeleniumPlayGround@2eda0940]" name="tearDown" is-config="true" duration-ms="3710" started-at="2022-01-09T14:46:10 IST" finished-at="2022-01-09T14:46:14 IST">
          <reporter-output>
          </reporter-output>
        </test-method> <!-- tearDown -->
        <test-method status="FAIL" signature="InputFormSubmit(java.lang.String,java.lang.String,java.lang.String,java.lang.String,java.lang.String,java.lang.String,java.lang.String,java.lang.String,java.lang.String,java.lang.String)[pri:2, instance:com.LambdaTest.com.LambdaTestAssignment.SeleniumPlayGround@2eda0940]" name="InputFormSubmit" duration-ms="328" started-at="2022-01-09T14:46:13 IST" data-provider="data-provider" finished-at="2022-01-09T14:46:14 IST">
          <params>
            <param index="0">
              <value>
                <![CDATA[Radha]]>
              </value>
            </param>
            <param index="1">
              <value>
                <![CDATA[test123@gmail.com]]>
              </value>
            </param>
            <param index="2">
              <value>
                <![CDATA[testweclome@121]]>
              </value>
            </param>
            <param index="3">
              <value>
                <![CDATA[TestCompany]]>
              </value>
            </param>
            <param index="4">
              <value>
                <![CDATA[DemoWebsite.com]]>
              </value>
            </param>
            <param index="5">
              <value>
                <![CDATA[Bangalore]]>
              </value>
            </param>
            <param index="6">
              <value>
                <![CDATA[flat no 3,abc road]]>
              </value>
            </param>
            <param index="7">
              <value>
                <![CDATA[global village]]>
              </value>
            </param>
            <param index="8">
              <value>
                <![CDATA[karnataka]]>
              </value>
            </param>
            <param index="9">
              <value>
                <![CDATA[341200]]>
              </value>
            </param>
          </params>
          <exception class="org.openqa.selenium.WebDriverException">
            <message>
              <![CDATA[Unable to find the session info for particular sessionId 3753e29816d6bbba0a52368e2ced78e7, maybe session has quit already or timed out.
Build info: version: '4.1.0', revision: '87802e897b'
System info: host: 'LENOVO', ip: '192.168.225.134', os.name: 'Windows 8.1', os.arch: 'amd64', os.version: '6.3', java.version: '1.8.0_201'
Driver info: org.openqa.selenium.remote.RemoteWebDriver
Command: [3753e29816d6bbba0a52368e2ced78e7, setTimeout {implicit=20000}]
Capabilities {acceptInsecureCerts: false, browserName: msedge, browserVersion: 87.0.664.41, javascriptEnabled: true, ms:edgeOptions: {debuggerAddress: localhost:59809}, msedge: {msedgedriverVersion: 87.0.669.0 (9e7154764c4ca8c..., userDataDir: /var/folders/qq/vnv9tm6922q...}, networkConnectionEnabled: false, pageLoadStrategy: normal, platform: MAC, platformName: MAC, proxy: Proxy(), setWindowRect: true, strictFileInteractability: false, timeouts: {implicit: 0, pageLoad: 300000, script: 30000}, unhandledPromptBehavior: dismiss and notify, webauthn:virtualAuthenticators: true, webdriver.remote.sessionid: 3753e29816d6bbba0a52368e2ce...}]]>
            </message>
            <full-stacktrace>
              <![CDATA[org.openqa.selenium.WebDriverException: Unable to find the session info for particular sessionId 3753e29816d6bbba0a52368e2ced78e7, maybe session has quit already or timed out.
Build info: version: '4.1.0', revision: '87802e897b'
System info: host: 'LENOVO', ip: '192.168.225.134', os.name: 'Windows 8.1', os.arch: 'amd64', os.version: '6.3', java.version: '1.8.0_201'
Driver info: org.openqa.selenium.remote.RemoteWebDriver
Command: [3753e29816d6bbba0a52368e2ced78e7, setTimeout {implicit=20000}]
Capabilities {acceptInsecureCerts: false, browserName: msedge, browserVersion: 87.0.664.41, javascriptEnabled: true, ms:edgeOptions: {debuggerAddress: localhost:59809}, msedge: {msedgedriverVersion: 87.0.669.0 (9e7154764c4ca8c..., userDataDir: /var/folders/qq/vnv9tm6922q...}, networkConnectionEnabled: false, pageLoadStrategy: normal, platform: MAC, platformName: MAC, proxy: Proxy(), setWindowRect: true, strictFileInteractability: false, timeouts: {implicit: 0, pageLoad: 300000, script: 30000}, unhandledPromptBehavior: dismiss and notify, webauthn:virtualAuthenticators: true, webdriver.remote.sessionid: 3753e29816d6bbba0a52368e2ce...}
at sun.reflect.NativeConstructorAccessorImpl.newInstance0(Native Method)
at sun.reflect.NativeConstructorAccessorImpl.newInstance(Unknown Source)
at sun.reflect.DelegatingConstructorAccessorImpl.newInstance(Unknown Source)
at java.lang.reflect.Constructor.newInstance(Unknown Source)
at org.openqa.selenium.remote.codec.w3c.W3CHttpResponseCodec.createException(W3CHttpResponseCodec.java:200)
at org.openqa.selenium.remote.codec.w3c.W3CHttpResponseCodec.decode(W3CHttpResponseCodec.java:133)
at org.openqa.selenium.remote.codec.w3c.W3CHttpResponseCodec.decode(W3CHttpResponseCodec.java:53)
at org.openqa.selenium.remote.HttpCommandExecutor.execute(HttpCommandExecutor.java:184)
at org.openqa.selenium.remote.TracedCommandExecutor.execute(TracedCommandExecutor.java:50)
at org.openqa.selenium.remote.RemoteWebDriver.execute(RemoteWebDriver.java:559)
at org.openqa.selenium.remote.RemoteWebDriver$RemoteWebDriverOptions$RemoteTimeouts.implicitlyWait(RemoteWebDriver.java:829)
at org.openqa.selenium.remote.RemoteWebDriver$RemoteWebDriverOptions$RemoteTimeouts.implicitlyWait(RemoteWebDriver.java:824)
at com.LambdaTest.com.LambdaTestAssignment.SeleniumPlayGround.InputFormSubmit(SeleniumPlayGround.java:118)
at sun.reflect.NativeMethodAccessorImpl.invoke0(Native Method)
at sun.reflect.NativeMethodAccessorImpl.invoke(Unknown Source)
at sun.reflect.DelegatingMethodAccessorImpl.invoke(Unknown Source)
at java.lang.reflect.Method.invoke(Unknown Source)
at org.testng.internal.MethodInvocationHelper.invokeMethod(MethodInvocationHelper.java:133)
at org.testng.internal.TestInvoker.invokeMethod(TestInvoker.java:598)
at org.testng.internal.TestInvoker.invokeTestMethod(TestInvoker.java:173)
at org.testng.internal.MethodRunner.runInSequence(MethodRunner.java:46)
at org.testng.internal.TestInvoker$MethodInvocationAgent.invoke(TestInvoker.java:824)
at org.testng.internal.TestInvoker.invokeTestMethods(TestInvoker.java:146)
at org.testng.internal.TestMethodWorker.invokeTestMethods(TestMethodWorker.java:146)
at org.testng.internal.TestMethodWorker.run(TestMethodWorker.java:128)
at java.util.concurrent.ThreadPoolExecutor.runWorker(Unknown Source)
at java.util.concurrent.ThreadPoolExecutor$Worker.run(Unknown Source)
at java.lang.Thread.run(Unknown Source)
]]>
            </full-stacktrace>
          </exception> <!-- org.openqa.selenium.WebDriverException -->
          <reporter-output>
          </reporter-output>
        </test-method> <!-- InputFormSubmit -->
        <test-method status="FAIL" signature="tearDown()[pri:0, instance:com.LambdaTest.com.LambdaTestAssignment.SeleniumPlayGround@2eda0940]" name="tearDown" is-config="true" duration-ms="33" started-at="2022-01-09T14:46:14 IST" finished-at="2022-01-09T14:46:14 IST">
          <exception class="org.openqa.selenium.NoSuchSessionException">
            <message>
              <![CDATA[Session ID is null. Using WebDriver after calling quit()?
Build info: version: '4.1.0', revision: '87802e897b'
System info: host: 'LENOVO', ip: '192.168.225.134', os.name: 'Windows 8.1', os.arch: 'amd64', os.version: '6.3', java.version: '1.8.0_201'
Driver info: org.openqa.selenium.remote.RemoteWebDriver
Command: [null, executeScript {script=lambda-status=false, args=[]}]
Capabilities {acceptInsecureCerts: false, browserName: msedge, browserVersion: 87.0.664.41, javascriptEnabled: true, ms:edgeOptions: {debuggerAddress: localhost:59809}, msedge: {msedgedriverVersion: 87.0.669.0 (9e7154764c4ca8c..., userDataDir: /var/folders/qq/vnv9tm6922q...}, networkConnectionEnabled: false, pageLoadStrategy: normal, platform: MAC, platformName: MAC, proxy: Proxy(), setWindowRect: true, strictFileInteractability: false, timeouts: {implicit: 0, pageLoad: 300000, script: 30000}, unhandledPromptBehavior: dismiss and notify, webauthn:virtualAuthenticators: true, webdriver.remote.sessionid: 3753e29816d6bbba0a52368e2ce...}]]>
            </message>
            <full-stacktrace>
              <![CDATA[org.openqa.selenium.NoSuchSessionException: Session ID is null. Using WebDriver after calling quit()?
Build info: version: '4.1.0', revision: '87802e897b'
System info: host: 'LENOVO', ip: '192.168.225.134', os.name: 'Windows 8.1', os.arch: 'amd64', os.version: '6.3', java.version: '1.8.0_201'
Driver info: org.openqa.selenium.remote.RemoteWebDriver
Command: [null, executeScript {script=lambda-status=false, args=[]}]
Capabilities {acceptInsecureCerts: false, browserName: msedge, browserVersion: 87.0.664.41, javascriptEnabled: true, ms:edgeOptions: {debuggerAddress: localhost:59809}, msedge: {msedgedriverVersion: 87.0.669.0 (9e7154764c4ca8c..., userDataDir: /var/folders/qq/vnv9tm6922q...}, networkConnectionEnabled: false, pageLoadStrategy: normal, platform: MAC, platformName: MAC, proxy: Proxy(), setWindowRect: true, strictFileInteractability: false, timeouts: {implicit: 0, pageLoad: 300000, script: 30000}, unhandledPromptBehavior: dismiss and notify, webauthn:virtualAuthenticators: true, webdriver.remote.sessionid: 3753e29816d6bbba0a52368e2ce...}
at org.openqa.selenium.remote.HttpCommandExecutor.execute(HttpCommandExecutor.java:145)
at org.openqa.selenium.remote.TracedCommandExecutor.execute(TracedCommandExecutor.java:50)
at org.openqa.selenium.remote.RemoteWebDriver.execute(RemoteWebDriver.java:559)
at org.openqa.selenium.remote.RemoteWebDriver.executeScript(RemoteWebDriver.java:493)
at com.LambdaTest.com.LambdaTestAssignment.SeleniumPlayGround.tearDown(SeleniumPlayGround.java:147)
at sun.reflect.NativeMethodAccessorImpl.invoke0(Native Method)
at sun.reflect.NativeMethodAccessorImpl.invoke(Unknown Source)
at sun.reflect.DelegatingMethodAccessorImpl.invoke(Unknown Source)
at java.lang.reflect.Method.invoke(Unknown Source)
at org.testng.internal.MethodInvocationHelper.invokeMethod(MethodInvocationHelper.java:133)
at org.testng.internal.MethodInvocationHelper.invokeMethodConsideringTimeout(MethodInvocationHelper.java:62)
at org.testng.internal.ConfigInvoker.invokeConfigurationMethod(ConfigInvoker.java:385)
at org.testng.internal.ConfigInvoker.invokeConfigurations(ConfigInvoker.java:321)
at org.testng.internal.TestInvoker.runConfigMethods(TestInvoker.java:700)
at org.testng.internal.TestInvoker.runAfterGroupsConfigurations(TestInvoker.java:676)
at org.testng.internal.TestInvoker.invokeMethod(TestInvoker.java:660)
at org.testng.internal.TestInvoker.invokeTestMethod(TestInvoker.java:173)
at org.testng.internal.MethodRunner.runInSequence(MethodRunner.java:46)
at org.testng.internal.TestInvoker$MethodInvocationAgent.invoke(TestInvoker.java:824)
at org.testng.internal.TestInvoker.invokeTestMethods(TestInvoker.java:146)
at org.testng.internal.TestMethodWorker.invokeTestMethods(TestMethodWorker.java:146)
at org.testng.internal.TestMethodWorker.run(TestMethodWorker.java:128)
at java.util.concurrent.ThreadPoolExecutor.runWorker(Unknown Source)
at java.util.concurrent.ThreadPoolExecutor$Worker.run(Unknown Source)
at java.lang.Thread.run(Unknown Source)
]]>
            </full-stacktrace>
          </exception> <!-- org.openqa.selenium.NoSuchSessionException -->
          <reporter-output>
          </reporter-output>
        </test-method> <!-- tearDown -->
      </class> <!-- com.LambdaTest.com.LambdaTestAssignment.SeleniumPlayGround -->
    </test> <!-- MACTEST -->
    <test name="WIN7TEST" duration-ms="76496" started-at="2022-01-09T14:46:14 IST" finished-at="2022-01-09T14:47:30 IST">
      <class name="com.LambdaTest.com.LambdaTestAssignment.SeleniumPlayGround">
        <test-method status="PASS" signature="setUp(java.lang.String,java.lang.String,java.lang.String)[pri:0, instance:com.LambdaTest.com.LambdaTestAssignment.SeleniumPlayGround@47db50c5]" name="setUp" is-config="true" duration-ms="8304" started-at="2022-01-09T14:46:14 IST" finished-at="2022-01-09T14:46:22 IST">
          <params>
            <param index="0">
              <value>
                <![CDATA[firefox]]>
              </value>
            </param>
            <param index="1">
              <value>
                <![CDATA[82.0]]>
              </value>
            </param>
            <param index="2">
              <value>
                <![CDATA[WIN7]]>
              </value>
            </param>
          </params>
          <reporter-output>
          </reporter-output>
        </test-method> <!-- setUp -->
        <test-method status="PASS" signature="setUp(java.lang.String,java.lang.String,java.lang.String)[pri:0, instance:com.LambdaTest.com.LambdaTestAssignment.SeleniumPlayGround@47db50c5]" name="setUp" is-config="true" duration-ms="48320" started-at="2022-01-09T14:46:14 IST" finished-at="2022-01-09T14:47:02 IST">
          <params>
            <param index="0">
              <value>
                <![CDATA[firefox]]>
              </value>
            </param>
            <param index="1">
              <value>
                <![CDATA[82.0]]>
              </value>
            </param>
            <param index="2">
              <value>
                <![CDATA[WIN7]]>
              </value>
            </param>
          </params>
          <reporter-output>
          </reporter-output>
        </test-method> <!-- setUp -->
        <test-method status="PASS" signature="setUp(java.lang.String,java.lang.String,java.lang.String)[pri:0, instance:com.LambdaTest.com.LambdaTestAssignment.SeleniumPlayGround@47db50c5]" name="setUp" is-config="true" duration-ms="68596" started-at="2022-01-09T14:46:14 IST" finished-at="2022-01-09T14:47:22 IST">
          <params>
            <param index="0">
              <value>
                <![CDATA[firefox]]>
              </value>
            </param>
            <param index="1">
              <value>
                <![CDATA[82.0]]>
              </value>
            </param>
            <param index="2">
              <value>
                <![CDATA[WIN7]]>
              </value>
            </param>
          </params>
          <reporter-output>
          </reporter-output>
        </test-method> <!-- setUp -->
        <test-method status="PASS" signature="InputFormSubmit(java.lang.String,java.lang.String,java.lang.String,java.lang.String,java.lang.String,java.lang.String,java.lang.String,java.lang.String,java.lang.String,java.lang.String)[pri:2, instance:com.LambdaTest.com.LambdaTestAssignment.SeleniumPlayGround@47db50c5]" name="InputFormSubmit" duration-ms="20824" started-at="2022-01-09T14:46:22 IST" data-provider="data-provider" finished-at="2022-01-09T14:46:43 IST">
          <params>
            <param index="0">
              <value>
                <![CDATA[Radha]]>
              </value>
            </param>
            <param index="1">
              <value>
                <![CDATA[test123@gmail.com]]>
              </value>
            </param>
            <param index="2">
              <value>
                <![CDATA[testweclome@121]]>
              </value>
            </param>
            <param index="3">
              <value>
                <![CDATA[TestCompany]]>
              </value>
            </param>
            <param index="4">
              <value>
                <![CDATA[DemoWebsite.com]]>
              </value>
            </param>
            <param index="5">
              <value>
                <![CDATA[Bangalore]]>
              </value>
            </param>
            <param index="6">
              <value>
                <![CDATA[flat no 3,abc road]]>
              </value>
            </param>
            <param index="7">
              <value>
                <![CDATA[global village]]>
              </value>
            </param>
            <param index="8">
              <value>
                <![CDATA[karnataka]]>
              </value>
            </param>
            <param index="9">
              <value>
                <![CDATA[341200]]>
              </value>
            </param>
          </params>
          <reporter-output>
          </reporter-output>
        </test-method> <!-- InputFormSubmit -->
        <test-method status="PASS" signature="tearDown()[pri:0, instance:com.LambdaTest.com.LambdaTestAssignment.SeleniumPlayGround@47db50c5]" name="tearDown" is-config="true" duration-ms="2559" started-at="2022-01-09T14:46:43 IST" finished-at="2022-01-09T14:46:46 IST">
          <reporter-output>
          </reporter-output>
        </test-method> <!-- tearDown -->
        <test-method status="PASS" signature="simpleFormDemo()[pri:0, instance:com.LambdaTest.com.LambdaTestAssignment.SeleniumPlayGround@47db50c5]" name="simpleFormDemo" duration-ms="6717" started-at="2022-01-09T14:47:02 IST" finished-at="2022-01-09T14:47:09 IST">
          <reporter-output>
          </reporter-output>
        </test-method> <!-- simpleFormDemo -->
        <test-method status="PASS" signature="tearDown()[pri:0, instance:com.LambdaTest.com.LambdaTestAssignment.SeleniumPlayGround@47db50c5]" name="tearDown" is-config="true" duration-ms="2257" started-at="2022-01-09T14:47:09 IST" finished-at="2022-01-09T14:47:11 IST">
          <reporter-output>
          </reporter-output>
        </test-method> <!-- tearDown -->
        <test-method status="FAIL" signature="DragandDrop()[pri:1, instance:com.LambdaTest.com.LambdaTestAssignment.SeleniumPlayGround@47db50c5]" name="DragandDrop" duration-ms="5634" started-at="2022-01-09T14:47:22 IST" finished-at="2022-01-09T14:47:28 IST">
          <exception class="java.lang.AssertionError">
            <message>
              <![CDATA[The slider range value is not 95 expected [95] but found [96]]]>
            </message>
            <full-stacktrace>
              <![CDATA[java.lang.AssertionError: The slider range value is not 95 expected [95] but found [96]
at org.testng.Assert.fail(Assert.java:99)
at org.testng.Assert.failNotEquals(Assert.java:1037)
at org.testng.Assert.assertEqualsImpl(Assert.java:140)
at org.testng.Assert.assertEquals(Assert.java:122)
at org.testng.Assert.assertEquals(Assert.java:629)
at com.LambdaTest.com.LambdaTestAssignment.SeleniumPlayGround.DragandDrop(SeleniumPlayGround.java:102)
at sun.reflect.NativeMethodAccessorImpl.invoke0(Native Method)
at sun.reflect.NativeMethodAccessorImpl.invoke(Unknown Source)
at sun.reflect.DelegatingMethodAccessorImpl.invoke(Unknown Source)
at java.lang.reflect.Method.invoke(Unknown Source)
at org.testng.internal.MethodInvocationHelper.invokeMethod(MethodInvocationHelper.java:133)
at org.testng.internal.TestInvoker.invokeMethod(TestInvoker.java:598)
at org.testng.internal.TestInvoker.invokeTestMethod(TestInvoker.java:173)
at org.testng.internal.MethodRunner.runInSequence(MethodRunner.java:46)
at org.testng.internal.TestInvoker$MethodInvocationAgent.invoke(TestInvoker.java:824)
at org.testng.internal.TestInvoker.invokeTestMethods(TestInvoker.java:146)
at org.testng.internal.TestMethodWorker.invokeTestMethods(TestMethodWorker.java:146)
at org.testng.internal.TestMethodWorker.run(TestMethodWorker.java:128)
at java.util.concurrent.ThreadPoolExecutor.runWorker(Unknown Source)
at java.util.concurrent.ThreadPoolExecutor$Worker.run(Unknown Source)
at java.lang.Thread.run(Unknown Source)
]]>
            </full-stacktrace>
          </exception> <!-- java.lang.AssertionError -->
          <reporter-output>
          </reporter-output>
        </test-method> <!-- DragandDrop -->
        <test-method status="PASS" signature="tearDown()[pri:0, instance:com.LambdaTest.com.LambdaTestAssignment.SeleniumPlayGround@47db50c5]" name="tearDown" is-config="true" duration-ms="2214" started-at="2022-01-09T14:47:28 IST" finished-at="2022-01-09T14:47:30 IST">
          <reporter-output>
          </reporter-output>
        </test-method> <!-- tearDown -->
      </class> <!-- com.LambdaTest.com.LambdaTestAssignment.SeleniumPlayGround -->
    </test> <!-- WIN7TEST -->
    <test name="WIN10IETEST" duration-ms="66299" started-at="2022-01-09T14:47:31 IST" finished-at="2022-01-09T14:48:37 IST">
      <class name="com.LambdaTest.com.LambdaTestAssignment.SeleniumPlayGround">
        <test-method status="PASS" signature="setUp(java.lang.String,java.lang.String,java.lang.String)[pri:0, instance:com.LambdaTest.com.LambdaTestAssignment.SeleniumPlayGround@710726a3]" name="setUp" is-config="true" duration-ms="57747" started-at="2022-01-09T14:47:31 IST" finished-at="2022-01-09T14:48:28 IST">
          <params>
            <param index="0">
              <value>
                <![CDATA[ie]]>
              </value>
            </param>
            <param index="1">
              <value>
                <![CDATA[11.0]]>
              </value>
            </param>
            <param index="2">
              <value>
                <![CDATA[WIN10]]>
              </value>
            </param>
          </params>
          <reporter-output>
          </reporter-output>
        </test-method> <!-- setUp -->
        <test-method status="PASS" signature="setUp(java.lang.String,java.lang.String,java.lang.String)[pri:0, instance:com.LambdaTest.com.LambdaTestAssignment.SeleniumPlayGround@710726a3]" name="setUp" is-config="true" duration-ms="47172" started-at="2022-01-09T14:47:31 IST" finished-at="2022-01-09T14:48:18 IST">
          <params>
            <param index="0">
              <value>
                <![CDATA[ie]]>
              </value>
            </param>
            <param index="1">
              <value>
                <![CDATA[11.0]]>
              </value>
            </param>
            <param index="2">
              <value>
                <![CDATA[WIN10]]>
              </value>
            </param>
          </params>
          <reporter-output>
          </reporter-output>
        </test-method> <!-- setUp -->
        <test-method status="PASS" signature="setUp(java.lang.String,java.lang.String,java.lang.String)[pri:0, instance:com.LambdaTest.com.LambdaTestAssignment.SeleniumPlayGround@710726a3]" name="setUp" is-config="true" duration-ms="7940" started-at="2022-01-09T14:47:31 IST" finished-at="2022-01-09T14:47:38 IST">
          <params>
            <param index="0">
              <value>
                <![CDATA[ie]]>
              </value>
            </param>
            <param index="1">
              <value>
                <![CDATA[11.0]]>
              </value>
            </param>
            <param index="2">
              <value>
                <![CDATA[WIN10]]>
              </value>
            </param>
          </params>
          <reporter-output>
          </reporter-output>
        </test-method> <!-- setUp -->
        <test-method status="PASS" signature="InputFormSubmit(java.lang.String,java.lang.String,java.lang.String,java.lang.String,java.lang.String,java.lang.String,java.lang.String,java.lang.String,java.lang.String,java.lang.String)[pri:2, instance:com.LambdaTest.com.LambdaTestAssignment.SeleniumPlayGround@710726a3]" name="InputFormSubmit" duration-ms="24524" started-at="2022-01-09T14:47:38 IST" data-provider="data-provider" finished-at="2022-01-09T14:48:03 IST">
          <params>
            <param index="0">
              <value>
                <![CDATA[Radha]]>
              </value>
            </param>
            <param index="1">
              <value>
                <![CDATA[test123@gmail.com]]>
              </value>
            </param>
            <param index="2">
              <value>
                <![CDATA[testweclome@121]]>
              </value>
            </param>
            <param index="3">
              <value>
                <![CDATA[TestCompany]]>
              </value>
            </param>
            <param index="4">
              <value>
                <![CDATA[DemoWebsite.com]]>
              </value>
            </param>
            <param index="5">
              <value>
                <![CDATA[Bangalore]]>
              </value>
            </param>
            <param index="6">
              <value>
                <![CDATA[flat no 3,abc road]]>
              </value>
            </param>
            <param index="7">
              <value>
                <![CDATA[global village]]>
              </value>
            </param>
            <param index="8">
              <value>
                <![CDATA[karnataka]]>
              </value>
            </param>
            <param index="9">
              <value>
                <![CDATA[341200]]>
              </value>
            </param>
          </params>
          <reporter-output>
          </reporter-output>
        </test-method> <!-- InputFormSubmit -->
        <test-method status="PASS" signature="tearDown()[pri:0, instance:com.LambdaTest.com.LambdaTestAssignment.SeleniumPlayGround@710726a3]" name="tearDown" is-config="true" duration-ms="1844" started-at="2022-01-09T14:48:03 IST" finished-at="2022-01-09T14:48:05 IST">
          <reporter-output>
          </reporter-output>
        </test-method> <!-- tearDown -->
        <test-method status="FAIL" signature="DragandDrop()[pri:1, instance:com.LambdaTest.com.LambdaTestAssignment.SeleniumPlayGround@710726a3]" name="DragandDrop" duration-ms="7036" started-at="2022-01-09T14:48:18 IST" finished-at="2022-01-09T14:48:25 IST">
          <exception class="java.lang.AssertionError">
            <message>
              <![CDATA[The slider range value is not 95 expected [95] but found [51]]]>
            </message>
            <full-stacktrace>
              <![CDATA[java.lang.AssertionError: The slider range value is not 95 expected [95] but found [51]
at org.testng.Assert.fail(Assert.java:99)
at org.testng.Assert.failNotEquals(Assert.java:1037)
at org.testng.Assert.assertEqualsImpl(Assert.java:140)
at org.testng.Assert.assertEquals(Assert.java:122)
at org.testng.Assert.assertEquals(Assert.java:629)
at com.LambdaTest.com.LambdaTestAssignment.SeleniumPlayGround.DragandDrop(SeleniumPlayGround.java:102)
at sun.reflect.NativeMethodAccessorImpl.invoke0(Native Method)
at sun.reflect.NativeMethodAccessorImpl.invoke(Unknown Source)
at sun.reflect.DelegatingMethodAccessorImpl.invoke(Unknown Source)
at java.lang.reflect.Method.invoke(Unknown Source)
at org.testng.internal.MethodInvocationHelper.invokeMethod(MethodInvocationHelper.java:133)
at org.testng.internal.TestInvoker.invokeMethod(TestInvoker.java:598)
at org.testng.internal.TestInvoker.invokeTestMethod(TestInvoker.java:173)
at org.testng.internal.MethodRunner.runInSequence(MethodRunner.java:46)
at org.testng.internal.TestInvoker$MethodInvocationAgent.invoke(TestInvoker.java:824)
at org.testng.internal.TestInvoker.invokeTestMethods(TestInvoker.java:146)
at org.testng.internal.TestMethodWorker.invokeTestMethods(TestMethodWorker.java:146)
at org.testng.internal.TestMethodWorker.run(TestMethodWorker.java:128)
at java.util.concurrent.ThreadPoolExecutor.runWorker(Unknown Source)
at java.util.concurrent.ThreadPoolExecutor$Worker.run(Unknown Source)
at java.lang.Thread.run(Unknown Source)
]]>
            </full-stacktrace>
          </exception> <!-- java.lang.AssertionError -->
          <reporter-output>
          </reporter-output>
        </test-method> <!-- DragandDrop -->
        <test-method status="PASS" signature="tearDown()[pri:0, instance:com.LambdaTest.com.LambdaTestAssignment.SeleniumPlayGround@710726a3]" name="tearDown" is-config="true" duration-ms="1792" started-at="2022-01-09T14:48:25 IST" finished-at="2022-01-09T14:48:27 IST">
          <reporter-output>
          </reporter-output>
        </test-method> <!-- tearDown -->
        <test-method status="PASS" signature="simpleFormDemo()[pri:0, instance:com.LambdaTest.com.LambdaTestAssignment.SeleniumPlayGround@710726a3]" name="simpleFormDemo" duration-ms="6756" started-at="2022-01-09T14:48:28 IST" finished-at="2022-01-09T14:48:35 IST">
          <reporter-output>
          </reporter-output>
        </test-method> <!-- simpleFormDemo -->
        <test-method status="PASS" signature="tearDown()[pri:0, instance:com.LambdaTest.com.LambdaTestAssignment.SeleniumPlayGround@710726a3]" name="tearDown" is-config="true" duration-ms="1786" started-at="2022-01-09T14:48:35 IST" finished-at="2022-01-09T14:48:37 IST">
          <reporter-output>
          </reporter-output>
        </test-method> <!-- tearDown -->
      </class> <!-- com.LambdaTest.com.LambdaTestAssignment.SeleniumPlayGround -->
    </test> <!-- WIN10IETEST -->
  </suite> <!-- LambaTestSuite -->
</testng-results>
